memory profiling: sample.interval=20000
:273397:931155:33660984:6893:"<Anonymous>" "mapply" "matrix" "bbd_prob" "dbd_prob" 
:285004:926062:36048040:6798:"mapply" "matrix" "bbd_prob" "dbd_prob" 
:329967:946270:34313496:26866:"<Anonymous>" "mapply" "matrix" "bbd_prob" "dbd_prob" 
:373393:941446:38397296:65089:"<Anonymous>" "mapply" "matrix" "bbd_prob" "dbd_prob" 
:289688:1008879:25794496:7162:".Call" "bbd_lt_Cpp" "matrix" "FUN" "lapply" "bbd_lt_invert" "bbd_prob" "dbd_prob" 
:335828:1092140:31143616:10530:".Call" "bbd_lt_Cpp" "matrix" "FUN" "lapply" "bbd_lt_invert" "bbd_prob" "dbd_prob" 
:403753:1175027:38917368:15148:"next_approx" "bbd_lt_invert" "bbd_prob" "dbd_prob" 
:363505:1096963:34070064:25224:"next_approx" "bbd_lt_invert" "bbd_prob" "dbd_prob" 
:379929:1078904:35767032:41508:"next_approx" "bbd_lt_invert" "bbd_prob" "dbd_prob" 
:388909:1083485:36849792:38648:"next_approx" "bbd_lt_invert" "bbd_prob" "dbd_prob" 
:398667:1084831:37940952:38334:"next_approx" "bbd_lt_invert" "bbd_prob" "dbd_prob" 
:411110:1089320:39362344:37449:"next_approx" "bbd_lt_invert" "bbd_prob" "dbd_prob" 
:422132:1087948:40546856:38649:"next_approx" "bbd_lt_invert" "bbd_prob" "dbd_prob" 
:430271:1092042:41502048:37399:"next_approx" "bbd_lt_invert" "bbd_prob" "dbd_prob" 
:363371:1082875:33958736:54548:"next_approx" "bbd_lt_invert" "bbd_prob" "dbd_prob" 
:374198:1083550:35157192:38800:"next_approx" "bbd_lt_invert" "bbd_prob" "dbd_prob" 
:430538:1093300:41502048:12908:"next_approx" "bbd_lt_invert" "bbd_prob" "dbd_prob" 
:430538:688190:41502048:0:"next_approx" "bbd_lt_invert" "bbd_prob" "dbd_prob" 
:376246:621324:36960616:28240:"next_approx" "bbd_lt_invert" "bbd_prob" "dbd_prob" 
:404246:632871:40119352:44078:"next_approx" "bbd_lt_invert" "bbd_prob" "dbd_prob" 
:390761:698296:38715264:33822:"next_approx" "bbd_lt_invert" "bbd_prob" "dbd_prob" 
:364672:663528:35672896:31747:"next_approx" "bbd_lt_invert" "bbd_prob" "dbd_prob" 
:371480:661214:36382248:39687:"next_approx" "bbd_lt_invert" "bbd_prob" "dbd_prob" 
:359874:658004:35075040:37251:"next_approx" "bbd_lt_invert" "bbd_prob" "dbd_prob" 
:289516:650005:27224400:22131:"next_approx" "bbd_lt_invert" "bbd_prob" "dbd_prob" 
:303150:652884:28747320:39940:"next_approx" "bbd_lt_invert" "bbd_prob" "dbd_prob" 
:275946:668892:25721864:30623:".Call" "bbd_lt_Cpp" "matrix" "FUN" "lapply" "bbd_lt_invert" "bbd_prob" "dbd_prob" 
:375018:733307:36928304:21600:".Call" "bbd_lt_Cpp" "matrix" "FUN" "lapply" "bbd_lt_invert" "bbd_prob" "dbd_prob" 
:380114:700520:37407440:38788:"next_approx" "bbd_lt_invert" "bbd_prob" "dbd_prob" 
:383680:701374:37785664:37543:"next_approx" "bbd_lt_invert" "bbd_prob" "dbd_prob" 
:377745:699804:37130744:36449:"next_approx" "bbd_lt_invert" "bbd_prob" "dbd_prob" 
:304740:688680:28931000:20866:"next_approx" "bbd_lt_invert" "bbd_prob" "dbd_prob" 
:272092:682862:25270616:30424:"next_approx" "bbd_lt_invert" "bbd_prob" "dbd_prob" 
:253978:680325:23232048:33119:"next_approx" "bbd_lt_invert" "bbd_prob" "dbd_prob" 
:302421:686710:28615496:48248:"next_approx" "bbd_lt_invert" "bbd_prob" "dbd_prob" 
:333626:691832:32140640:47248:"next_approx" "bbd_lt_invert" "bbd_prob" "dbd_prob" 
:389766:705069:38473960:49720:"next_approx" "bbd_lt_invert" "bbd_prob" "dbd_prob" 
:416867:710409:41502048:42552:"next_approx" "bbd_lt_invert" "bbd_prob" "dbd_prob" 
:404827:718360:40169976:34629:"next_approx" "bbd_lt_invert" "bbd_prob" "dbd_prob" 
:263868:679561:24342920:43016:"next_approx" "bbd_lt_invert" "bbd_prob" "dbd_prob" 
:280266:681545:26167456:40722:"next_approx" "bbd_lt_invert" "bbd_prob" "dbd_prob" 
:318902:690233:30520840:46047:"next_approx" "bbd_lt_invert" "bbd_prob" "dbd_prob" 
:324961:691706:31195192:38059:"next_approx" "bbd_lt_invert" "bbd_prob" "dbd_prob" 
:326783:698486:31407936:36986:"next_approx" "bbd_lt_invert" "bbd_prob" "dbd_prob" 
:302539:701232:28696248:32185:"next_approx" "bbd_lt_invert" "bbd_prob" "dbd_prob" 
:341999:708393:33110224:45650:"next_approx" "bbd_lt_invert" "bbd_prob" "dbd_prob" 
:360629:711333:35178640:41036:"next_approx" "bbd_lt_invert" "bbd_prob" "dbd_prob" 
:371745:714541:36459696:40055:"next_approx" "bbd_lt_invert" "bbd_prob" "dbd_prob" 
:382876:714492:37676296:40407:"next_approx" "bbd_lt_invert" "bbd_prob" "dbd_prob" 
:381377:712577:37494632:39545:"next_approx" "bbd_lt_invert" "bbd_prob" "dbd_prob" 
:390144:718310:38537856:40093:"next_approx" "bbd_lt_invert" "bbd_prob" "dbd_prob" 
:416821:723491:41502048:42587:"next_approx" "bbd_lt_invert" "bbd_prob" "dbd_prob" 
:272159:698399:25252080:41842:"next_approx" "bbd_lt_invert" "bbd_prob" "dbd_prob" 
:307209:705735:29204952:45270:"next_approx" "bbd_lt_invert" "bbd_prob" "dbd_prob" 
:383215:720109:37726584:53306:"next_approx" "bbd_lt_invert" "bbd_prob" "dbd_prob" 
:405446:732964:40236392:41322:".Call" "bbd_lt_Cpp" "matrix" "FUN" "lapply" "bbd_lt_invert" "bbd_prob" "dbd_prob" 
:331208:749809:31959088:20199:"bbd_lt_Cpp" "matrix" "FUN" "lapply" "bbd_lt_invert" "bbd_prob" "dbd_prob" 
:415774:796501:41502048:18367:"matrix" "FUN" "lapply" "bbd_lt_invert" "bbd_prob" "dbd_prob" 
:386321:755059:38101560:31053:"next_approx" "bbd_lt_invert" "bbd_prob" "dbd_prob" 
:391393:756603:38653440:37908:":" "next_approx" "bbd_lt_invert" "bbd_prob" "dbd_prob" 
:392442:745131:38765552:36867:"next_approx" "bbd_lt_invert" "bbd_prob" "dbd_prob" 
:279939:725803:26152840:49254:"next_approx" "bbd_lt_invert" "bbd_prob" "dbd_prob" 
:315650:732857:30154432:45111:"next_approx" "bbd_lt_invert" "bbd_prob" "dbd_prob" 
:390564:746651:38552584:53053:"next_approx" "bbd_lt_invert" "bbd_prob" "dbd_prob" 
:394724:747140:39056416:38838:"next_approx" "bbd_lt_invert" "bbd_prob" "dbd_prob" 
:406014:749298:40291720:39220:"next_approx" "bbd_lt_invert" "bbd_prob" "dbd_prob" 
:415349:751998:41331416:38626:"next_approx" "bbd_lt_invert" "bbd_prob" "dbd_prob" 
:251407:723798:22944656:37672:"next_approx" "bbd_lt_invert" "bbd_prob" "dbd_prob" 
:270753:727432:25114376:41735:"next_approx" "bbd_lt_invert" "bbd_prob" "dbd_prob" 
:291863:732264:27481440:41353:"next_approx" "bbd_lt_invert" "bbd_prob" "dbd_prob" 
:301318:732329:28539896:40516:"next_approx" "bbd_lt_invert" "bbd_prob" "dbd_prob" 
:344844:739077:33422032:49843:"next_approx" "bbd_lt_invert" "bbd_prob" "dbd_prob" 
:352173:743191:34252232:38689:"next_approx" "bbd_lt_invert" "bbd_prob" "dbd_prob" 
:279332:731314:26072032:57269:"next_approx" "bbd_lt_invert" "bbd_prob" "dbd_prob" 
:275970:731371:25694704:35724:"next_approx" "bbd_lt_invert" "bbd_prob" "dbd_prob" 
:277554:731926:25871104:36715:"next_approx" "bbd_lt_invert" "bbd_prob" "dbd_prob" 
:362740:779644:35485576:18501:"next_approx" "bbd_lt_invert" "bbd_prob" "dbd_prob" 
:330817:787402:31892672:29357:"next_approx" "bbd_lt_invert" "bbd_prob" "dbd_prob" 
:339999:774245:32891824:39581:"next_approx" "bbd_lt_invert" "bbd_prob" "dbd_prob" 
:375499:770834:36868048:44537:"next_approx" "bbd_lt_invert" "bbd_prob" "dbd_prob" 
:412501:777932:41012664:44630:"next_approx" "bbd_lt_invert" "bbd_prob" "dbd_prob" 
:254252:751785:23264976:38474:"next_approx" "bbd_lt_invert" "bbd_prob" "dbd_prob" 
:259945:753051:23905280:38861:"next_approx" "bbd_lt_invert" "bbd_prob" "dbd_prob" 
:269766:755169:25005624:39067:"next_approx" "bbd_lt_invert" "bbd_prob" "dbd_prob" 
:280961:758002:26260528:39082:"next_approx" "bbd_lt_invert" "bbd_prob" "dbd_prob" 
:291900:760467:27486200:38871:"next_approx" "bbd_lt_invert" "bbd_prob" "dbd_prob" 
:302941:763935:28723856:38825:"next_approx" "bbd_lt_invert" "bbd_prob" "dbd_prob" 
:314757:765893:30047080:38917:"next_approx" "bbd_lt_invert" "bbd_prob" "dbd_prob" 
:281668:774897:26351696:29045:".Call" "bbd_lt_Cpp" "matrix" "FUN" "lapply" "bbd_lt_invert" "bbd_prob" "dbd_prob" 
:277573:784541:25891264:36283:"next_approx" "bbd_lt_invert" "bbd_prob" "dbd_prob" 
:291128:787159:27404496:39974:"next_approx" "bbd_lt_invert" "bbd_prob" "dbd_prob" 
:324655:793821:31162600:43952:"next_approx" "bbd_lt_invert" "bbd_prob" "dbd_prob" 
:321766:793146:30856168:37021:"next_approx" "bbd_lt_invert" "bbd_prob" "dbd_prob" 
:315135:792505:30097928:35379:"next_approx" "bbd_lt_invert" "bbd_prob" "dbd_prob" 
:322747:793431:30956184:39170:"next_approx" "bbd_lt_invert" "bbd_prob" "dbd_prob" 
:350951:799932:34118616:43209:"next_approx" "bbd_lt_invert" "bbd_prob" "dbd_prob" 
:416837:812482:41502048:50976:"next_approx" "bbd_lt_invert" "bbd_prob" "dbd_prob" 
:253423:784291:23172520:38466:"next_approx" "bbd_lt_invert" "bbd_prob" "dbd_prob" 
:249356:771762:22718304:36000:"next_approx" "bbd_lt_invert" "bbd_prob" "dbd_prob" 
:294425:780150:27772696:46469:"next_approx" "bbd_lt_invert" "bbd_prob" "dbd_prob" 
:352722:789346:34284432:50163:"next_approx" "bbd_lt_invert" "bbd_prob" "dbd_prob" 
:280590:777581:26211920:22454:"next_approx" "bbd_lt_invert" "bbd_prob" "dbd_prob" 
:385941:792260:38011288:25267:"next_approx" "bbd_lt_invert" "bbd_prob" "dbd_prob" 
:354579:791771:34543152:30843:"next_approx" "bbd_lt_invert" "bbd_prob" "dbd_prob" 
:363609:794107:35536760:38759:"next_approx" "bbd_lt_invert" "bbd_prob" "dbd_prob" 
:376064:797123:36927912:39303:"next_approx" "bbd_lt_invert" "bbd_prob" "dbd_prob" 
:388249:799152:38290280:39110:"next_approx" "bbd_lt_invert" "bbd_prob" "dbd_prob" 
:402103:803237:39842096:39412:"next_approx" "bbd_lt_invert" "bbd_prob" "dbd_prob" 
:414713:805209:41252960:39104:"next_approx" "bbd_lt_invert" "bbd_prob" "dbd_prob" 
:416635:805252:41502048:38269:"next_approx" "bbd_lt_invert" "bbd_prob" "dbd_prob" 
:254325:778844:23271976:37788:"next_approx" "bbd_lt_invert" "bbd_prob" "dbd_prob" 
:265365:781095:24509464:38939:"next_approx" "bbd_lt_invert" "bbd_prob" "dbd_prob" 
:283859:785396:26582864:40455:"next_approx" "bbd_lt_invert" "bbd_prob" "dbd_prob" 
:357407:798632:34827520:52324:"next_approx" "bbd_lt_invert" "bbd_prob" "dbd_prob" 
:362376:801305:35383880:37382:"next_approx" "bbd_lt_invert" "bbd_prob" "dbd_prob" 
:351232:810424:34157984:33827:".Call" "bbd_lt_Cpp" "matrix" "FUN" "lapply" "bbd_lt_invert" "bbd_prob" "dbd_prob" 
:332639:831916:32095392:32052:".Call" "bbd_lt_Cpp" "matrix" "FUN" "lapply" "bbd_lt_invert" "bbd_prob" "dbd_prob" 
:350633:832630:34092576:41181:"next_approx" "bbd_lt_invert" "bbd_prob" "dbd_prob" 
:358843:835469:35003920:38626:"next_approx" "bbd_lt_invert" "bbd_prob" "dbd_prob" 
:368684:823839:36103928:38783:"next_approx" "bbd_lt_invert" "bbd_prob" "dbd_prob" 
:379356:826666:37297344:38821:"next_approx" "bbd_lt_invert" "bbd_prob" "dbd_prob" 
:384737:827118:37938152:39025:"next_approx" "bbd_lt_invert" "bbd_prob" "dbd_prob" 
:394875:829297:39047288:38963:"next_approx" "bbd_lt_invert" "bbd_prob" "dbd_prob" 
:296951:813766:28056056:51696:"next_approx" "bbd_lt_invert" "bbd_prob" "dbd_prob" 
:304388:816144:28889448:38048:"next_approx" "bbd_lt_invert" "bbd_prob" "dbd_prob" 
:318099:819079:30425472:39332:"next_approx" "bbd_lt_invert" "bbd_prob" "dbd_prob" 
:323491:819829:31045336:38942:"next_approx" "bbd_lt_invert" "bbd_prob" "dbd_prob" 
:332028:822309:31994200:38644:"next_approx" "bbd_lt_invert" "bbd_prob" "dbd_prob" 
:343692:824431:33298328:39079:"next_approx" "bbd_lt_invert" "bbd_prob" "dbd_prob" 
:355494:827291:34619536:38999:"next_approx" "bbd_lt_invert" "bbd_prob" "dbd_prob" 
:362365:827868:35411376:39073:"next_approx" "bbd_lt_invert" "bbd_prob" "dbd_prob" 
:370998:831105:36369312:38740:"next_approx" "bbd_lt_invert" "bbd_prob" "dbd_prob" 
:380928:833793:37476152:38739:"next_approx" "bbd_lt_invert" "bbd_prob" "dbd_prob" 
:386600:833577:38108504:38341:"next_approx" "bbd_lt_invert" "bbd_prob" "dbd_prob" 
:392257:836095:38764712:38466:"next_approx" "bbd_lt_invert" "bbd_prob" "dbd_prob" 
:402411:839082:39889192:38854:"next_approx" "bbd_lt_invert" "bbd_prob" "dbd_prob" 
:397736:838717:39358704:35442:"next_approx" "bbd_lt_invert" "bbd_prob" "dbd_prob" 
:341067:829464:33001696:24043:"next_approx" "bbd_lt_invert" "bbd_prob" "dbd_prob" 
:394330:837549:38990728:49115:"next_approx" "bbd_lt_invert" "bbd_prob" "dbd_prob" 
:416687:841550:41502048:4979:"next_approx" "bbd_lt_invert" "bbd_prob" "dbd_prob" 
:321814:811719:30861320:16029:"next_approx" "bbd_lt_invert" "bbd_prob" "dbd_prob" 
:331604:814210:31953824:38878:"next_approx" "bbd_lt_invert" "bbd_prob" "dbd_prob" 
:342057:816957:33123216:38831:"next_approx" "bbd_lt_invert" "bbd_prob" "dbd_prob" 
:401947:822019:39803344:53972:"next_approx" "bbd_lt_invert" "bbd_prob" "dbd_prob" 
:406449:827073:40368720:39155:"next_approx" "bbd_lt_invert" "bbd_prob" "dbd_prob" 
:266929:804916:24696392:42825:"next_approx" "bbd_lt_invert" "bbd_prob" "dbd_prob" 
:278951:807669:26043472:39165:"next_approx" "bbd_lt_invert" "bbd_prob" "dbd_prob" 
:376105:825504:36935864:57571:"next_approx" "bbd_lt_invert" "bbd_prob" "dbd_prob" 
:382443:827954:37645048:37719:"next_approx" "bbd_lt_invert" "bbd_prob" "dbd_prob" 
:388403:828263:38352328:39167:"next_approx" "bbd_lt_invert" "bbd_prob" "dbd_prob" 
:399566:830744:39578616:39140:"next_approx" "bbd_lt_invert" "bbd_prob" "dbd_prob" 
:408676:833385:40593560:38506:"next_approx" "bbd_lt_invert" "bbd_prob" "dbd_prob" 
:340074:822614:32895128:57865:"next_approx" "bbd_lt_invert" "bbd_prob" "dbd_prob" 
:349531:824364:33953920:38363:"next_approx" "bbd_lt_invert" "bbd_prob" "dbd_prob" 
:402881:835926:39933992:47856:"next_approx" "bbd_lt_invert" "bbd_prob" "dbd_prob" 
:279450:815938:26096560:45709:"next_approx" "bbd_lt_invert" "bbd_prob" "dbd_prob" 
:302538:819769:28696584:42666:"next_approx" "bbd_lt_invert" "bbd_prob" "dbd_prob" 
:311697:822147:29717408:38750:"next_approx" "bbd_lt_invert" "bbd_prob" "dbd_prob" 
:321143:812481:30776088:38665:"next_approx" "bbd_lt_invert" "bbd_prob" "dbd_prob" 
:331983:815399:31990000:38838:"next_approx" "bbd_lt_invert" "bbd_prob" "dbd_prob" 
:343895:818164:33324032:38997:"next_approx" "bbd_lt_invert" "bbd_prob" "dbd_prob" 
:268905:806170:24915464:56397:"next_approx" "bbd_lt_invert" "bbd_prob" "dbd_prob" 
:416657:831092:41502048:33310:"next_approx" "bbd_lt_invert" "bbd_prob" "dbd_prob" 
:354157:821882:34490792:23173:"next_approx" "bbd_lt_invert" "bbd_prob" "dbd_prob" 
:293823:812056:27713056:23475:"next_approx" "bbd_lt_invert" "bbd_prob" "dbd_prob" 
:323941:817490:31088568:43137:"next_approx" "bbd_lt_invert" "bbd_prob" "dbd_prob" 
:323792:818048:31083360:37790:"next_approx" "bbd_lt_invert" "bbd_prob" "dbd_prob" 
:334271:820158:32250232:39024:"next_approx" "bbd_lt_invert" "bbd_prob" "dbd_prob" 
:342453:822648:33164880:38324:"next_approx" "bbd_lt_invert" "bbd_prob" "dbd_prob" 
:370776:827871:36338008:42587:"next_approx" "bbd_lt_invert" "bbd_prob" "dbd_prob" 
:387129:832234:38170048:39908:"next_approx" "bbd_lt_invert" "bbd_prob" "dbd_prob" 
:414426:837632:41228208:42224:"next_approx" "bbd_lt_invert" "bbd_prob" "dbd_prob" 
:416881:838902:41502048:36783:"next_approx" "bbd_lt_invert" "bbd_prob" "dbd_prob" 
:285877:817332:26823160:45667:"next_approx" "bbd_lt_invert" "bbd_prob" "dbd_prob" 
:294348:819284:27770232:38556:"next_approx" "bbd_lt_invert" "bbd_prob" "dbd_prob" 
:305735:821837:29045576:38980:"next_approx" "bbd_lt_invert" "bbd_prob" "dbd_prob" 
:367109:833000:35925568:49741:"next_approx" "bbd_lt_invert" "bbd_prob" "dbd_prob" 
:414845:842652:41275808:46673:"next_approx" "bbd_lt_invert" "bbd_prob" "dbd_prob" 
:409003:827117:40639368:36241:"next_approx" "bbd_lt_invert" "bbd_prob" "dbd_prob" 
:416621:829483:41502048:38675:"next_approx" "bbd_lt_invert" "bbd_prob" "dbd_prob" 
:259240:803325:23833320:38806:"next_approx" "bbd_lt_invert" "bbd_prob" "dbd_prob" 
:264694:804384:24446800:38910:"next_approx" "bbd_lt_invert" "bbd_prob" "dbd_prob" 
:272013:806339:25266360:38457:"next_approx" "bbd_lt_invert" "bbd_prob" "dbd_prob" 
:301976:812591:28626080:43125:"next_approx" "bbd_lt_invert" "bbd_prob" "dbd_prob" 
:320409:814375:30698640:41325:"next_approx" "bbd_lt_invert" "bbd_prob" "dbd_prob" 
:350887:821863:34119624:43814:"next_approx" "bbd_lt_invert" "bbd_prob" "dbd_prob" 
:372915:826344:36583792:41426:"next_approx" "bbd_lt_invert" "bbd_prob" "dbd_prob" 
:378489:823572:37184560:40746:"next_approx" "bbd_lt_invert" "bbd_prob" "dbd_prob" 
:403121:830426:39994192:44175:"next_approx" "bbd_lt_invert" "bbd_prob" "dbd_prob" 
:416714:834521:41502048:39715:"next_approx" "bbd_lt_invert" "bbd_prob" "dbd_prob" 
:257055:807546:23583168:38146:"next_approx" "bbd_lt_invert" "bbd_prob" "dbd_prob" 
:308526:817069:29353856:47619:"next_approx" "bbd_lt_invert" "bbd_prob" "dbd_prob" 
:359895:827179:35112336:47495:"next_approx" "bbd_lt_invert" "bbd_prob" "dbd_prob" 
:381516:831910:37534728:40961:"next_approx" "bbd_lt_invert" "bbd_prob" "dbd_prob" 
:386409:832518:38131184:38852:"next_approx" "bbd_lt_invert" "bbd_prob" "dbd_prob" 
:250615:809805:22860096:43490:"next_approx" "bbd_lt_invert" "bbd_prob" "dbd_prob" 
:283216:805983:26520256:43698:"next_approx" "bbd_lt_invert" "bbd_prob" "dbd_prob" 
:337906:816561:32651528:48352:"next_approx" "bbd_lt_invert" "bbd_prob" "dbd_prob" 
:350203:818401:34028456:39182:"next_approx" "bbd_lt_invert" "bbd_prob" "dbd_prob" 
:354940:820136:34582296:38795:"next_approx" "bbd_lt_invert" "bbd_prob" "dbd_prob" 
:373059:823860:36600984:40697:"next_approx" "bbd_lt_invert" "bbd_prob" "dbd_prob" 
:384999:826416:37934624:39146:"next_approx" "bbd_lt_invert" "bbd_prob" "dbd_prob" 
:259470:806658:23855944:45543:"next_approx" "bbd_lt_invert" "bbd_prob" "dbd_prob" 
:310544:816003:29581272:47443:"next_approx" "bbd_lt_invert" "bbd_prob" "dbd_prob" 
:331847:820949:31968664:40932:"next_approx" "bbd_lt_invert" "bbd_prob" "dbd_prob" 
:344993:824204:33441464:39124:"next_approx" "bbd_lt_invert" "bbd_prob" "dbd_prob" 
:352633:824980:34312544:39025:"next_approx" "bbd_lt_invert" "bbd_prob" "dbd_prob" 
:407323:836402:40449920:48975:"next_approx" "bbd_lt_invert" "bbd_prob" "dbd_prob" 
:285136:816321:26733784:46364:"next_approx" "bbd_lt_invert" "bbd_prob" "dbd_prob" 
:295911:818894:27940920:38758:"next_approx" "bbd_lt_invert" "bbd_prob" "dbd_prob" 
:307715:821655:29263472:38920:"next_approx" "bbd_lt_invert" "bbd_prob" "dbd_prob" 
:321442:825488:30801848:39275:"next_approx" "bbd_lt_invert" "bbd_prob" "dbd_prob" 
:331701:825906:31961328:39458:"next_approx" "bbd_lt_invert" "bbd_prob" "dbd_prob" 
:339336:829335:32820480:38679:"next_approx" "bbd_lt_invert" "bbd_prob" "dbd_prob" 
:350350:832116:34049624:39006:"next_approx" "bbd_lt_invert" "bbd_prob" "dbd_prob" 
:348345:816847:33823608:36088:"next_approx" "bbd_lt_invert" "bbd_prob" "dbd_prob" 
:405874:828515:40272344:48962:"next_approx" "bbd_lt_invert" "bbd_prob" "dbd_prob" 
:272751:805619:25354280:44798:"next_approx" "bbd_lt_invert" "bbd_prob" "dbd_prob" 
:284784:808228:26698280:39680:"next_approx" "bbd_lt_invert" "bbd_prob" "dbd_prob" 
:304733:812124:28933576:41017:"next_approx" "bbd_lt_invert" "bbd_prob" "dbd_prob" 
:323893:816850:31081064:40671:"next_approx" "bbd_lt_invert" "bbd_prob" "dbd_prob" 
:350517:820868:34067264:42968:"next_approx" "bbd_lt_invert" "bbd_prob" "dbd_prob" 
:392938:829440:38839864:46511:"next_approx" "bbd_lt_invert" "bbd_prob" "dbd_prob" 
:259421:807383:23851016:43973:"next_approx" "bbd_lt_invert" "bbd_prob" "dbd_prob" 
:270021:809926:25039168:38775:"next_approx" "bbd_lt_invert" "bbd_prob" "dbd_prob" 
:282679:812909:26458096:39130:"next_approx" "bbd_lt_invert" "bbd_prob" "dbd_prob" 
:295305:816277:27873104:39066:"next_approx" "bbd_lt_invert" "bbd_prob" "dbd_prob" 
:303061:817288:28755552:39277:"next_approx" "bbd_lt_invert" "bbd_prob" "dbd_prob" 
:312930:819641:29854664:38992:"next_approx" "bbd_lt_invert" "bbd_prob" "dbd_prob" 
:323783:822804:31069472:38926:"next_approx" "bbd_lt_invert" "bbd_prob" "dbd_prob" 
:380071:832969:37378712:48668:"next_approx" "bbd_lt_invert" "bbd_prob" "dbd_prob" 
:416823:839110:41502048:45106:"next_approx" "bbd_lt_invert" "bbd_prob" "dbd_prob" 
:267764:814851:24787056:41080:"next_approx" "bbd_lt_invert" "bbd_prob" "dbd_prob" 
:278450:805033:25986520:39030:"next_approx" "bbd_lt_invert" "bbd_prob" "dbd_prob" 
:287671:807353:27019552:38547:":" "next_approx" "bbd_lt_invert" "bbd_prob" "dbd_prob" 
:380882:823640:37508016:58146:"next_approx" "bbd_lt_invert" "bbd_prob" "dbd_prob" 
:391835:826305:38710448:39160:"next_approx" "bbd_lt_invert" "bbd_prob" "dbd_prob" 
:402943:828440:39948832:38981:"next_approx" "bbd_lt_invert" "bbd_prob" "dbd_prob" 
:409947:828645:40754224:39296:"next_approx" "bbd_lt_invert" "bbd_prob" "dbd_prob" 
:309003:813387:29413104:51327:"next_approx" "bbd_lt_invert" "bbd_prob" "dbd_prob" 
:339800:819894:32865168:43240:"next_approx" "bbd_lt_invert" "bbd_prob" "dbd_prob" 
:356068:818626:34666744:42393:"next_approx" "bbd_lt_invert" "bbd_prob" "dbd_prob" 
:356139:820278:34705888:39669:"next_approx" "bbd_lt_invert" "bbd_prob" "dbd_prob" 
:361955:823941:35359184:38308:"next_approx" "bbd_lt_invert" "bbd_prob" "dbd_prob" 
:371190:826126:36386560:38629:"next_approx" "bbd_lt_invert" "bbd_prob" "dbd_prob" 
:392378:830373:38757936:41082:"next_approx" "bbd_lt_invert" "bbd_prob" "dbd_prob" 
:301804:816192:28598640:53037:"next_approx" "bbd_lt_invert" "bbd_prob" "dbd_prob" 
:325562:820896:31261104:41453:"next_approx" "bbd_lt_invert" "bbd_prob" "dbd_prob" 
:336877:824009:32528776:38712:"next_approx" "bbd_lt_invert" "bbd_prob" "dbd_prob" 
:350884:827272:34098288:39257:"next_approx" "bbd_lt_invert" "bbd_prob" "dbd_prob" 
:368533:854513:36118320:40013:"next_approx" "bbd_lt_invert" "bbd_prob" "dbd_prob" 
:405664:850729:40293456:45758:"next_approx" "bbd_lt_invert" "bbd_prob" "dbd_prob" 
:416429:852643:41502048:2379:"next_approx" "bbd_lt_invert" "bbd_prob" "dbd_prob" 
:389986:836088:38509464:30916:"next_approx" "bbd_lt_invert" "bbd_prob" "dbd_prob" 
:251271:812650:22942472:42831:"next_approx" "bbd_lt_invert" "bbd_prob" "dbd_prob" 
:302162:822858:28648760:47540:"next_approx" "bbd_lt_invert" "bbd_prob" "dbd_prob" 
:332108:829287:32005624:42880:"next_approx" "bbd_lt_invert" "bbd_prob" "dbd_prob" 
:358939:834603:35012208:42140:"next_approx" "bbd_lt_invert" "bbd_prob" "dbd_prob" 
:373543:838191:36648192:39446:"next_approx" "bbd_lt_invert" "bbd_prob" "dbd_prob" 
:416542:844281:41502048:47175:"next_approx" "bbd_lt_invert" "bbd_prob" "dbd_prob" 
:272965:822586:25375896:41895:"next_approx" "bbd_lt_invert" "bbd_prob" "dbd_prob" 
:318928:831159:30529296:46548:"next_approx" "bbd_lt_invert" "bbd_prob" "dbd_prob" 
:329995:834420:31768408:38817:"next_approx" "bbd_lt_invert" "bbd_prob" "dbd_prob" 
:343273:837030:33255936:39219:"next_approx" "bbd_lt_invert" "bbd_prob" "dbd_prob" 
:369552:842496:36200752:41991:"next_approx" "bbd_lt_invert" "bbd_prob" "dbd_prob" 
:377764:844025:37153200:39648:"next_approx" "bbd_lt_invert" "bbd_prob" "dbd_prob" 
:255974:823644:23468424:46575:"next_approx" "bbd_lt_invert" "bbd_prob" "dbd_prob" 
:298710:832377:28260904:45789:"next_approx" "bbd_lt_invert" "bbd_prob" "dbd_prob" 
:353263:842832:34376272:48225:"next_approx" "bbd_lt_invert" "bbd_prob" "dbd_prob" 
:396743:848982:39268544:46913:"next_approx" "bbd_lt_invert" "bbd_prob" "dbd_prob" 
:416631:854557:41502048:41251:"next_approx" "bbd_lt_invert" "bbd_prob" "dbd_prob" 
:250160:813100:22818040:36806:"next_approx" "bbd_lt_invert" "bbd_prob" "dbd_prob" 
:260337:815421:23958872:38714:"next_approx" "bbd_lt_invert" "bbd_prob" "dbd_prob" 
:271311:818212:25189024:38802:"next_approx" "bbd_lt_invert" "bbd_prob" "dbd_prob" 
:282438:820478:26435584:38762:"next_approx" "bbd_lt_invert" "bbd_prob" "dbd_prob" 
:295760:823951:27928768:39202:"next_approx" "bbd_lt_invert" "bbd_prob" "dbd_prob" 
:302814:825246:28749504:38846:"next_approx" "bbd_lt_invert" "bbd_prob" "dbd_prob" 
:311589:826983:29710856:38919:"next_approx" "bbd_lt_invert" "bbd_prob" "dbd_prob" 
:322242:830190:30902760:38973:"next_approx" "bbd_lt_invert" "bbd_prob" "dbd_prob" 
:393061:843331:38841824:51908:"next_approx" "bbd_lt_invert" "bbd_prob" "dbd_prob" 
:258436:820985:23744616:43449:"next_approx" "bbd_lt_invert" "bbd_prob" "dbd_prob" 
:271667:823996:25227440:39181:"next_approx" "bbd_lt_invert" "bbd_prob" "dbd_prob" 
:278709:825424:26022192:39222:"next_approx" "bbd_lt_invert" "bbd_prob" "dbd_prob" 
:289257:828124:27202840:39092:"next_approx" "bbd_lt_invert" "bbd_prob" "dbd_prob" 
:300779:830602:28493136:39042:"next_approx" "bbd_lt_invert" "bbd_prob" "dbd_prob" 
:313814:833645:29953504:39256:"next_approx" "bbd_lt_invert" "bbd_prob" "dbd_prob" 
:327581:836766:31495912:39328:"next_approx" "bbd_lt_invert" "bbd_prob" "dbd_prob" 
:333949:838139:32227160:39150:"next_approx" "bbd_lt_invert" "bbd_prob" "dbd_prob" 
:344494:840761:33399968:39016:"next_approx" "bbd_lt_invert" "bbd_prob" "dbd_prob" 
:355685:843418:34650952:38934:"next_approx" "bbd_lt_invert" "bbd_prob" "dbd_prob" 
:353535:830573:34409648:36013:"next_approx" "bbd_lt_invert" "bbd_prob" "dbd_prob" 
:365800:833816:35783272:39071:"next_approx" "bbd_lt_invert" "bbd_prob" "dbd_prob" 
:378188:835941:37170448:39034:"next_approx" "bbd_lt_invert" "bbd_prob" "dbd_prob" 
:381249:835980:37531760:38145:"next_approx" "bbd_lt_invert" "bbd_prob" "dbd_prob" 
:383082:838205:37736944:37362:"next_approx" "bbd_lt_invert" "bbd_prob" "dbd_prob" 
:382232:838939:37632672:36443:"next_approx" "bbd_lt_invert" "bbd_prob" "dbd_prob" 
:356311:834931:34721568:30840:"next_approx" "bbd_lt_invert" "bbd_prob" "dbd_prob" 
:326683:829780:31417624:31213:"next_approx" "bbd_lt_invert" "bbd_prob" "dbd_prob" 
:336190:831737:32470200:38914:"next_approx" "bbd_lt_invert" "bbd_prob" "dbd_prob" 
:330952:831245:31878784:35432:"next_approx" "bbd_lt_invert" "bbd_prob" "dbd_prob" 
:336563:833833:32506096:37683:"next_approx" "bbd_lt_invert" "bbd_prob" "dbd_prob" 
:340216:833890:32912656:37827:"next_approx" "bbd_lt_invert" "bbd_prob" "dbd_prob" 
:341083:834957:33024432:37446:"next_approx" "bbd_lt_invert" "bbd_prob" "dbd_prob" 
:347909:837147:33782616:38168:"next_approx" "bbd_lt_invert" "bbd_prob" "dbd_prob" 
:352185:838651:34258616:37422:"next_approx" "bbd_lt_invert" "bbd_prob" "dbd_prob" 
:347524:834214:33716872:38596:"next_approx" "bbd_lt_invert" "bbd_prob" "dbd_prob" 
:342641:836362:33215784:37966:"bbd_lt_invert" "bbd_prob" "dbd_prob" 
:346001:837485:33567632:37528:"next_approx" "bbd_lt_invert" "bbd_prob" "dbd_prob" 
:351824:838963:34215608:37821:"next_approx" "bbd_lt_invert" "bbd_prob" "dbd_prob" 
:355599:841015:34636224:37255:"next_approx" "bbd_lt_invert" "bbd_prob" "dbd_prob" 
:361717:842882:35320208:37670:"next_approx" "bbd_lt_invert" "bbd_prob" "dbd_prob" 
:365824:832695:35783048:37279:"next_approx" "bbd_lt_invert" "bbd_prob" "dbd_prob" 
:365096:833537:35700280:36176:"next_approx" "bbd_lt_invert" "bbd_prob" "dbd_prob" 
:369058:835060:36143352:37151:"next_approx" "bbd_lt_invert" "bbd_prob" "dbd_prob" 
:372882:837548:36571528:37105:"next_approx" "bbd_lt_invert" "bbd_prob" "dbd_prob" 
:374669:836327:36789088:37853:"next_approx" "bbd_lt_invert" "bbd_prob" "dbd_prob" 
:291589:825137:27463464:55392:"next_approx" "bbd_lt_invert" "bbd_prob" "dbd_prob" 
:298468:826379:28232624:38038:"next_approx" "bbd_lt_invert" "bbd_prob" "dbd_prob" 
:303849:828519:28835296:37617:"next_approx" "bbd_lt_invert" "bbd_prob" "dbd_prob" 
:309633:830557:29482936:37622:"next_approx" "bbd_lt_invert" "bbd_prob" "dbd_prob" 
:312260:831629:29776432:36886:"next_approx" "bbd_lt_invert" "bbd_prob" "dbd_prob" 
:345345:838733:33484640:43456:"next_approx" "bbd_lt_invert" "bbd_prob" "dbd_prob" 
:363378:840456:35529984:41507:"next_approx" "bbd_lt_invert" "bbd_prob" "dbd_prob" 
:409669:849732:40713176:46960:"next_approx" "bbd_lt_invert" "bbd_prob" "dbd_prob" 
:416778:851884:41502048:38071:"next_approx" "bbd_lt_invert" "bbd_prob" "dbd_prob" 
:261291:826088:24061408:38937:"next_approx" "bbd_lt_invert" "bbd_prob" "dbd_prob" 
:327937:837801:31532424:50803:"next_approx" "bbd_lt_invert" "bbd_prob" "dbd_prob" 
:375997:846665:36921416:47476:"next_approx" "bbd_lt_invert" "bbd_prob" "dbd_prob" 
:384359:849207:37882040:38995:"next_approx" "bbd_lt_invert" "bbd_prob" "dbd_prob" 
:395204:851845:39084808:38974:"next_approx" "bbd_lt_invert" "bbd_prob" "dbd_prob" 
:392140:837319:38739400:35867:"next_approx" "bbd_lt_invert" "bbd_prob" "dbd_prob" 
:299953:822560:28398608:52800:"next_approx" "bbd_lt_invert" "bbd_prob" "dbd_prob" 
:334126:829084:32228672:43776:"next_approx" "bbd_lt_invert" "bbd_prob" "dbd_prob" 
:346247:833337:33587232:38948:"next_approx" "bbd_lt_invert" "bbd_prob" "dbd_prob" 
:360002:835737:35127680:39252:"next_approx" "bbd_lt_invert" "bbd_prob" "dbd_prob" 
:372885:837927:36560888:39526:"next_approx" "bbd_lt_invert" "bbd_prob" "dbd_prob" 
:379456:840311:37337272:38880:"next_approx" "bbd_lt_invert" "bbd_prob" "dbd_prob" 
:389737:842508:38474576:38924:"next_approx" "bbd_lt_invert" "bbd_prob" "dbd_prob" 
:401473:845727:39785312:39079:"next_approx" "bbd_lt_invert" "bbd_prob" "dbd_prob" 
:412709:848744:41041952:38850:"next_approx" "bbd_lt_invert" "bbd_prob" "dbd_prob" 
:251353:821172:22947960:37613:"next_approx" "bbd_lt_invert" "bbd_prob" "dbd_prob" 
:265709:825058:24557400:39418:"next_approx" "bbd_lt_invert" "bbd_prob" "dbd_prob" 
:279877:828419:26145336:39319:"next_approx" "bbd_lt_invert" "bbd_prob" "dbd_prob" 
:312074:834658:29765680:44869:"next_approx" "bbd_lt_invert" "bbd_prob" "dbd_prob" 
:339126:839833:32794384:42578:"next_approx" "bbd_lt_invert" "bbd_prob" "dbd_prob" 
:392620:849918:38790080:48118:"next_approx" "bbd_lt_invert" "bbd_prob" "dbd_prob" 
:397985:852140:39389224:37533:"next_approx" "bbd_lt_invert" "bbd_prob" "dbd_prob" 
:273108:831796:25386480:45455:"next_approx" "bbd_lt_invert" "bbd_prob" "dbd_prob" 
:324203:825555:31115784:47409:"next_approx" "bbd_lt_invert" "bbd_prob" "dbd_prob" 
:376847:836480:37016336:47705:"next_approx" "bbd_lt_invert" "bbd_prob" "dbd_prob" 
:416879:843821:41502048:44913:"next_approx" "bbd_lt_invert" "bbd_prob" "dbd_prob" 
:258821:824484:23788744:39554:"next_approx" "bbd_lt_invert" "bbd_prob" "dbd_prob" 
:305547:833200:29029672:47110:"next_approx" "bbd_lt_invert" "bbd_prob" "dbd_prob" 
:351329:841792:34161624:46535:"next_approx" "bbd_lt_invert" "bbd_prob" "dbd_prob" 
:363466:845425:35520856:39069:"next_approx" "bbd_lt_invert" "bbd_prob" "dbd_prob" 
:396923:850548:39267592:44279:"next_approx" "bbd_lt_invert" "bbd_prob" "dbd_prob" 
:401065:852377:39764760:38210:"next_approx" "bbd_lt_invert" "bbd_prob" "dbd_prob" 
:414839:855603:41291712:39661:"next_approx" "bbd_lt_invert" "bbd_prob" "dbd_prob" 
:416772:856778:41502048:36907:"next_approx" "bbd_lt_invert" "bbd_prob" "dbd_prob" 
:253147:829087:23149952:37159:"next_approx" "bbd_lt_invert" "bbd_prob" "dbd_prob" 
:402401:855855:39884376:32449:"next_approx" "bbd_lt_invert" "bbd_prob" "dbd_prob" 
:273431:834014:25423048:44574:"next_approx" "bbd_lt_invert" "bbd_prob" "dbd_prob" 
:408375:856402:40559904:30175:"next_approx" "bbd_lt_invert" "bbd_prob" "dbd_prob" 
:321950:842974:30879912:18012:"next_approx" "bbd_lt_invert" "bbd_prob" "dbd_prob" 
:285146:837309:26740560:28682:"next_approx" "bbd_lt_invert" "bbd_prob" "dbd_prob" 
:277622:836193:25894288:34912:"next_approx" "bbd_lt_invert" "bbd_prob" "dbd_prob" 
:378724:854225:37233336:22073:"next_approx" "bbd_lt_invert" "bbd_prob" "dbd_prob" 
:347361:848957:33713456:29549:"next_approx" "bbd_lt_invert" "bbd_prob" "dbd_prob" 
:335164:847736:32344424:33675:"next_approx" "bbd_lt_invert" "bbd_prob" "dbd_prob" 
:416843:862488:41502048:17750:"next_approx" "bbd_lt_invert" "bbd_prob" "dbd_prob" 
:249352:817994:22728104:0:"next_approx" "bbd_lt_invert" "bbd_prob" "dbd_prob" 
:362792:836621:35448392:25388:"next_approx" "bbd_lt_invert" "bbd_prob" "dbd_prob" 
:385505:842298:38014256:42250:"next_approx" "bbd_lt_invert" "bbd_prob" "dbd_prob" 
:415959:848125:41418216:43315:"next_approx" "bbd_lt_invert" "bbd_prob" "dbd_prob" 
:255303:821527:23395344:37949:"next_approx" "bbd_lt_invert" "bbd_prob" "dbd_prob" 
:267604:824193:24774064:39090:"next_approx" "bbd_lt_invert" "bbd_prob" "dbd_prob" 
:274449:825450:25545072:39254:"next_approx" "bbd_lt_invert" "bbd_prob" "dbd_prob" 
:284316:828028:26650120:38936:"next_approx" "bbd_lt_invert" "bbd_prob" "dbd_prob" 
:295619:830226:27915944:39011:"next_approx" "bbd_lt_invert" "bbd_prob" "dbd_prob" 
:304015:831635:28871808:39186:"next_approx" "bbd_lt_invert" "bbd_prob" "dbd_prob" 
:313014:834086:29870512:39016:"next_approx" "bbd_lt_invert" "bbd_prob" "dbd_prob" 
:324240:836523:31125640:39085:"next_approx" "bbd_lt_invert" "bbd_prob" "dbd_prob" 
:330249:835122:31788120:39732:"next_approx" "bbd_lt_invert" "bbd_prob" "dbd_prob" 
:330959:835540:31870552:40021:"next_approx" "bbd_lt_invert" "bbd_prob" "dbd_prob" 
:338769:839631:32759104:38784:"next_approx" "bbd_lt_invert" "bbd_prob" "dbd_prob" 
:350107:842194:34023528:39092:"next_approx" "bbd_lt_invert" "bbd_prob" "dbd_prob" 
:362740:844756:35436856:39202:"next_approx" "bbd_lt_invert" "bbd_prob" "dbd_prob" 
:375455:847729:36860152:39125:"next_approx" "bbd_lt_invert" "bbd_prob" "dbd_prob" 
:255221:828470:23378600:46486:"next_approx" "bbd_lt_invert" "bbd_prob" "dbd_prob" 
:404359:854464:40097120:32351:"next_approx" "bbd_lt_invert" "bbd_prob" "dbd_prob" 
:396259:854426:39188184:34475:"next_approx" "bbd_lt_invert" "bbd_prob" "dbd_prob" 
:306979:829754:29185576:16955:"next_approx" "bbd_lt_invert" "bbd_prob" "dbd_prob" 
:282971:824487:26476520:31428:"next_approx" "bbd_lt_invert" "bbd_prob" "dbd_prob" 
:273200:824777:25403224:35369:"next_approx" "bbd_lt_invert" "bbd_prob" "dbd_prob" 
:309033:831259:29420384:44593:"next_approx" "bbd_lt_invert" "bbd_prob" "dbd_prob" 
:297388:830160:28112616:33993:"next_approx" "bbd_lt_invert" "bbd_prob" "dbd_prob" 
:316120:833888:30211720:40518:"next_approx" "bbd_lt_invert" "bbd_prob" "dbd_prob" 
:341512:839141:33057696:41888:"next_approx" "bbd_lt_invert" "bbd_prob" "dbd_prob" 
:372447:846098:36524600:43023:"next_approx" "bbd_lt_invert" "bbd_prob" "dbd_prob" 
:376106:847823:36933680:37072:"next_approx" "bbd_lt_invert" "bbd_prob" "dbd_prob" 
:357760:845932:34876688:32269:"next_approx" "bbd_lt_invert" "bbd_prob" "dbd_prob" 
:345538:844734:33505920:33577:"next_approx" "bbd_lt_invert" "bbd_prob" "dbd_prob" 
:340333:855323:32946200:35067:".Call" "bbd_lt_Cpp" "matrix" "FUN" "lapply" "bbd_lt_invert" "bbd_prob" "dbd_prob" 
:280644:860008:26254256:23136:"next_approx" "bbd_lt_invert" "bbd_prob" "dbd_prob" 
:412556:909577:41094088:28509:".Call" "bbd_lt_Cpp" "matrix" "FUN" "lapply" "bbd_lt_invert" "bbd_prob" "dbd_prob" 
:252472:868731:23077824:38718:"next_approx" "bbd_lt_invert" "bbd_prob" "dbd_prob" 
:412196:896962:41009696:35286:"next_approx" "bbd_lt_invert" "bbd_prob" "dbd_prob" 
:402903:895583:39952920:34504:"next_approx" "bbd_lt_invert" "bbd_prob" "dbd_prob" 
:394818:894993:39041184:34668:"next_approx" "bbd_lt_invert" "bbd_prob" "dbd_prob" 
:388151:894414:38290392:34906:"next_approx" "bbd_lt_invert" "bbd_prob" "dbd_prob" 
:382564:894696:37662240:35082:"next_approx" "bbd_lt_invert" "bbd_prob" "dbd_prob" 
:384798:894593:37896264:36993:"next_approx" "bbd_lt_invert" "bbd_prob" "dbd_prob" 
:369872:892881:36268960:34258:"next_approx" "bbd_lt_invert" "bbd_prob" "dbd_prob" 
:302844:862764:28731920:22025:"next_approx" "bbd_lt_invert" "bbd_prob" "dbd_prob" 
:327076:867737:31446632:41923:"next_approx" "bbd_lt_invert" "bbd_prob" "dbd_prob" 
:338191:870382:32690728:38894:"next_approx" "bbd_lt_invert" "bbd_prob" "dbd_prob" 
:349322:873370:33937288:38813:"next_approx" "bbd_lt_invert" "bbd_prob" "dbd_prob" 
:356640:873839:34776000:39082:"next_approx" "bbd_lt_invert" "bbd_prob" "dbd_prob" 
:367080:877357:35941640:39208:"next_approx" "bbd_lt_invert" "bbd_prob" "dbd_prob" 
:376017:879602:36936368:38531:"next_approx" "bbd_lt_invert" "bbd_prob" "dbd_prob" 
:370647:879215:36330448:35279:"next_approx" "bbd_lt_invert" "bbd_prob" "dbd_prob" 
:364744:879086:35666232:35097:"next_approx" "bbd_lt_invert" "bbd_prob" "dbd_prob" 
:359420:878703:35067536:35165:"next_approx" "bbd_lt_invert" "bbd_prob" "dbd_prob" 
:349168:878500:33917632:34063:"next_approx" "bbd_lt_invert" "bbd_prob" "dbd_prob" 
:338877:876774:32762632:34011:"next_approx" "bbd_lt_invert" "bbd_prob" "dbd_prob" 
:325073:875000:31235008:34698:"next_approx" "bbd_lt_invert" "bbd_prob" "dbd_prob" 
:315990:873535:30204104:34737:"next_approx" "bbd_lt_invert" "bbd_prob" "dbd_prob" 
:306184:872413:29101296:34394:"next_approx" "bbd_lt_invert" "bbd_prob" "dbd_prob" 
:416760:891778:41502048:24117:"next_approx" "bbd_lt_invert" "bbd_prob" "dbd_prob" 
:416786:893492:41502048:36379:"next_approx" "bbd_lt_invert" "bbd_prob" "dbd_prob" 
:410435:892028:40786704:34911:"next_approx" "bbd_lt_invert" "bbd_prob" "dbd_prob" 
:405256:892640:40204304:35136:"next_approx" "bbd_lt_invert" "bbd_prob" "dbd_prob" 
:398209:892887:39413472:34708:"next_approx" "bbd_lt_invert" "bbd_prob" "dbd_prob" 
:386290:890429:38075632:33602:"next_approx" "bbd_lt_invert" "bbd_prob" "dbd_prob" 
:384201:891859:37840992:35723:"next_approx" "bbd_lt_invert" "bbd_prob" "dbd_prob" 
:316352:866006:30238208:21558:"next_approx" "bbd_lt_invert" "bbd_prob" "dbd_prob" 
:412705:881548:41043856:21717:"next_approx" "bbd_lt_invert" "bbd_prob" "dbd_prob" 
:367622:874901:36015000:27255:"next_approx" "bbd_lt_invert" "bbd_prob" "dbd_prob" 
:332545:869409:32063584:29031:"next_approx" "bbd_lt_invert" "bbd_prob" "dbd_prob" 
:264612:858258:24440304:21735:"next_approx" "bbd_lt_invert" "bbd_prob" "dbd_prob" 
:416739:885306:41502048:33211:"next_approx" "bbd_lt_invert" "bbd_prob" "dbd_prob" 
:413879:885092:41177248:35787:"next_approx" "bbd_lt_invert" "bbd_prob" "dbd_prob" 
:349621:874893:33970496:22389:"next_approx" "bbd_lt_invert" "bbd_prob" "dbd_prob" 
:337245:871352:32597096:34731:"next_approx" "bbd_lt_invert" "bbd_prob" "dbd_prob" 
:324991:871609:31217984:34261:"next_approx" "bbd_lt_invert" "bbd_prob" "dbd_prob" 
:316429:870899:30252656:34748:"next_approx" "bbd_lt_invert" "bbd_prob" "dbd_prob" 
:263844:861902:24353112:25008:"next_approx" "bbd_lt_invert" "bbd_prob" "dbd_prob" 
:256487:860779:23527280:34806:"next_approx" "bbd_lt_invert" "bbd_prob" "dbd_prob" 
:370612:881488:36323784:24834:"next_approx" "bbd_lt_invert" "bbd_prob" "dbd_prob" 
:416506:890412:41467216:46277:"next_approx" "bbd_lt_invert" "bbd_prob" "dbd_prob" 
:410347:890014:40775056:34918:"next_approx" "bbd_lt_invert" "bbd_prob" "dbd_prob" 
:399712:887603:39608632:35298:"next_approx" "bbd_lt_invert" "bbd_prob" "dbd_prob" 
:388627:887654:38359160:34368:"next_approx" "bbd_lt_invert" "bbd_prob" "dbd_prob" 
:374433:885614:36758064:33437:"next_approx" "bbd_lt_invert" "bbd_prob" "dbd_prob" 
:367628:885395:35991312:34948:"next_approx" "bbd_lt_invert" "bbd_prob" "dbd_prob" 
:337103:881280:32566408:29711:"next_approx" "bbd_lt_invert" "bbd_prob" "dbd_prob" 
:267489:868428:24759784:21160:"next_approx" "bbd_lt_invert" "bbd_prob" "dbd_prob" 
:267856:870531:24801336:36362:"next_approx" "bbd_lt_invert" "bbd_prob" "dbd_prob" 
:249850:867168:22782200:33723:"next_approx" "bbd_lt_invert" "bbd_prob" "dbd_prob" 
:413091:895977:41102208:35942:"next_approx" "bbd_lt_invert" "bbd_prob" "dbd_prob" 
:340620:869636:32966864:20742:"next_approx" "bbd_lt_invert" "bbd_prob" "dbd_prob" 
:369374:875349:36188432:42762:"next_approx" "bbd_lt_invert" "bbd_prob" "dbd_prob" 
:338172:870439:32687480:29628:"next_approx" "bbd_lt_invert" "bbd_prob" "dbd_prob" 
:343683:870692:33309752:38384:"next_approx" "bbd_lt_invert" "bbd_prob" "dbd_prob" 
:370977:877030:36380624:43143:"next_approx" "bbd_lt_invert" "bbd_prob" "dbd_prob" 
:381395:879685:37540496:38896:"next_approx" "bbd_lt_invert" "bbd_prob" "dbd_prob" 
:277303:862369:25861808:50214:"next_approx" "bbd_lt_invert" "bbd_prob" "dbd_prob" 
:317392:870017:30368520:46539:"next_approx" "bbd_lt_invert" "bbd_prob" "dbd_prob" 
:370740:880286:36346128:48408:"next_approx" "bbd_lt_invert" "bbd_prob" "dbd_prob" 
:415806:887430:41395648:47035:"next_approx" "bbd_lt_invert" "bbd_prob" "dbd_prob" 
:416501:888625:41502048:37368:"next_approx" "bbd_lt_invert" "bbd_prob" "dbd_prob" 
:271713:864496:25235560:41468:"next_approx" "bbd_lt_invert" "bbd_prob" "dbd_prob" 
